0 100
1 120
2 120
3 150
4 155
5 143
6 174
7 250
8 257
9 215
10 170
11 187
12 175
13 158
14 234
15 199
16 181
17 204
18 175
19 237
20 189
21 126
22 221
23 365
24 707
25 687
26 625
27 440
28 414
29 409
30 478
31 292
32 559
33 528
34 673
35 691
36 404
37 402
38 402
39 283
40 590
41 528
42 478
43 752
44 570
45 452
46 413
47 399
48 333
49 364
50 352
51 324
52 379
53 255
54 443
55 467
56 438
57 457
58 493
59 401
60 459
61 605
62 420
63 403
64 315
65 456
66 620
67 515
68 655
69 526
70 273
71 333
72 434
73 468
74 395
75 425
76 551
77 551
78 433
79 553
80 305
81 230
82 566
83 523
84 405
85 412
86 340
87 559
88 378
89 458
90 619
91 441
92 402
93 495
94 344
95 439
96 510
97 385
98 535
99 492
100 348
101 432
102 481
103 674
104 862
105 478
106 435
107 381
108 519
109 660
110 555
111 476
112 848
113 479
114 561
115 6652
116 603
117 575
118 591
119 708
120 247
121 421
122 694
123 1041
124 753
125 665
126 687
127 429
128 644
129 445
130 492
131 357
132 312
133 536
134 514
135 537
136 322
137 566
138 505
139 394
140 245
141 403
142 1345
143 687
144 552
145 970
146 657
147 242
148 390
149 453
150 663
151 506
152 499
153 589
154 605
155 687
156 511
157 536
158 396
159 524
160 328
161 771
162 558
163 443
164 580
165 672
166 762
167 387
168 612
169 249
170 575
171 642
172 456
173 514
174 415
175 490
176 563
177 430
178 393
179 340
180 526
181 415
182 325
183 190
184 222
185 422
186 769
187 636
188 428
189 638
190 494
191 1084
192 441
193 430
194 657
195 583
196 852
197 564
198 619
199 439
200 555
201 460
202 1734
203 952
204 611
205 327
206 698
207 1127
208 576
209 653
210 652
211 632
212 557
213 310
214 957
215 1091
216 493
217 853
218 465
219 1343
220 677
221 999
222 628
223 1104
224 288
225 242
226 452
227 322
228 760
229 500
230 549
231 619
232 480
233 947
234 430
235 316
236 517
237 907
238 638
239 536
240 743
241 371
242 555
243 604
244 579
245 504
246 370
247 719
248 483
249 568
250 574
251 614
252 390
253 573
254 603
255 379
256 684
257 8974
258 495
259 628
260 631
261 571
262 513
263 579
264 727
265 472
266 493
267 746
268 507
269 907
270 672
271 709
272 732
273 430
274 628
275 698
276 450
277 521
278 577
279 995
280 702
281 753
282 333
283 557
284 570
285 624
286 8480
287 604
288 410
289 475
290 417
291 462
292 416
293 514
294 728
295 732
296 401
297 395
298 492
299 655
300 446
301 592
302 440
303 295
304 501
305 597
306 456
307 734
308 356
309 445
310 570
311 687
312 402
313 362
314 388
315 523
316 396
317 403
318 380
319 487
320 448
321 640
322 547
323 598
324 525
325 580
326 420
327 299
328 594
329 565
330 501
331 594
332 709
333 531
334 566
335 584
336 622
337 731
338 500
339 648
340 478
341 699
342 547
343 412
344 650
345 464
346 544
347 683
348 459
349 836
350 716
351 557
352 653
353 463
354 740
355 383
356 379
357 442
358 502
359 520
360 1658
361 795
362 489
363 524
364 516
365 506
366 328
367 1234
368 438
369 311
370 441
371 412
372 488
373 734
374 467
375 425
376 491
377 856
378 594
379 535
380 301
381 298
382 473
383 615
384 378
385 561
386 309
387 561
388 452
389 582
390 714
391 348
392 376
393 580
394 569
395 656
396 816
397 513
398 537
399 2060
400 589
401 836
402 511
403 604
404 599
405 796
406 486
407 420
408 415
409 380
410 365
411 505
412 463
413 460
414 518
415 449
416 385
417 463
418 586
419 495
420 508
421 542
422 415
423 644
424 586
425 674
426 647
427 705
428 558
429 722
430 307
431 374
432 652
433 439
434 681
435 325
436 615
437 536
438 551
439 371
440 552
441 473
442 539
443 633
444 560
445 542
446 634
447 797
448 550
449 541
450 382
451 413
452 627
453 478
454 452
455 725
456 855
457 425
458 561
459 717
460 345
461 466
462 605
463 579
464 701
465 600
466 374
467 739
468 405
469 438
470 241
471 610
472 528
473 619
474 517
475 434
476 609
477 552
478 382
479 328
480 487
481 431
482 603
483 671
484 588
485 351
486 3427
487 576
488 486
489 476
490 353
491 359
492 474
493 527
494 325
495 303
496 526
497 573
498 236
499 442
500 593
501 435
502 367
503 497
504 577
505 307
506 458
507 661
508 531
509 434
510 320
511 331
512 563
513 401
514 287
515 446
516 429
517 330
518 511
519 787
520 701
521 500
522 397
523 411
524 415
525 569
526 283
527 640
528 446
529 382
530 509
531 489
532 310
533 282
534 295
535 507
536 375
537 340
538 383
539 464
540 693
541 489
542 301
543 427
544 479
545 255
546 601
547 541
548 360
549 530
550 649
551 460
552 436
553 472
554 458
555 452
556 685
557 739
558 380
559 570
560 465
561 215
562 430
563 377
564 400
565 607
566 453
567 299
568 562
569 370
570 512
571 603
572 485
573 461
574 656
575 326
576 452
577 352
578 458
579 568
580 471
581 558
582 341
583 387
584 401
585 358
586 469
587 360
588 592
589 752
590 627
591 215
592 369
593 635
594 293
595 349
596 270
597 351
598 418
599 314
600 385
601 460
602 343
603 360
604 461
605 312
606 321
607 226
608 274
609 299
610 241
611 326
612 267
613 243
614 320
615 315
616 471
617 472
618 390
619 509
620 536
621 408
622 502
623 513
624 496
625 452
626 594
627 547
628 270
629 397
630 631
631 535
632 518
633 280
634 525
635 485
636 556
637 618
638 592
639 483
640 389
641 392
642 417
643 463
644 482
645 712
646 427
647 513
648 413
649 580
